<html>
<body>
<pre>
<h1>µVision Build Log</h1>
<h2>Tool Versions:</h2>
IDE-Version: µVision V5.37.0.0
Copyright (C) 2022 ARM Ltd and ARM Germany GmbH. All rights reserved.
License Information: Francisco Motta, 4Brinas, LIC=----
 
Tool Versions:
Toolchain:       MDK-Lite  Version: 5.37.0.0
Toolchain Path:  D:\Program Files (x86)\Keil\ARM\ARMCLANG\Bin
C Compiler:      ArmClang.exe V6.18
Assembler:       Armasm.exe V6.18
Linker/Locator:  ArmLink.exe V6.18
Library Manager: ArmAr.exe V6.18
Hex Converter:   FromElf.exe V6.18
CPU DLL:         SARMCM3.DLL V5.37.0.0
Dialog DLL:      DCM.DLL V1.17.5.0
Target DLL:      UL2CM3.DLL V1.164.7.0
Dialog DLL:      TCM.DLL V1.56.1.0
 
<h2>Project:</h2>
D:\Escritorio\STM32Discovery\LED_BLINK_1\MDK-ARM\LED_BLINK_1.uvprojx
Project File Date:  09/13/2022

<h2>Output:</h2>
*** Using Compiler 'V6.18', folder: 'D:\Program Files (x86)\Keil\ARM\ARMCLANG\Bin'
Build target 'LED_BLINK_1'
../Drivers/STM32F3xx_HAL_Driver/Src/stm32f3xx_hal.c(52): error: 'stm32f3xx_hal.h' file not found
#include "stm32f3xx_hal.h"
         ^~~~~~~~~~~~~~~~~
1 error generated.
compiling stm32f3xx_hal.c...
../Drivers/STM32F3xx_HAL_Driver/Src/stm32f3xx_hal_gpio.c(122): error: 'stm32f3xx_hal.h' file not found
#include "stm32f3xx_hal.h"
         ^~~~~~~~~~~~~~~~~
1 error generated.
compiling stm32f3xx_hal_gpio.c...
../Drivers/STM32F3xx_HAL_Driver/Src/stm32f3xx_hal_i2c.c(248): error: 'stm32f3xx_hal.h' file not found
#include "stm32f3xx_hal.h"
         ^~~~~~~~~~~~~~~~~
1 error generated.
compiling stm32f3xx_hal_i2c.c...
../Drivers/STM32F3xx_HAL_Driver/Src/stm32f3xx_hal_pwr_ex.c(42): error: 'stm32f3xx_hal.h' file not found
#include "stm32f3xx_hal.h"
         ^~~~~~~~~~~~~~~~~
1 error generated.
compiling stm32f3xx_hal_pwr_ex.c...
../Drivers/STM32F3xx_HAL_Driver/Src/stm32f3xx_hal_cortex.c(125): error: 'stm32f3xx_hal.h' file not found
#include "stm32f3xx_hal.h"
         ^~~~~~~~~~~~~~~~~
1 error generated.
compiling stm32f3xx_hal_cortex.c...
../Drivers/STM32F3xx_HAL_Driver/Src/stm32f3xx_hal_rcc_ex.c(41): error: 'stm32f3xx_hal.h' file not found
#include "stm32f3xx_hal.h"
         ^~~~~~~~~~~~~~~~~
1 error generated.
compiling stm32f3xx_hal_rcc_ex.c...
../Drivers/STM32F3xx_HAL_Driver/Src/stm32f3xx_hal_tim.c(127): error: 'stm32f3xx_hal.h' file not found
#include "stm32f3xx_hal.h"
         ^~~~~~~~~~~~~~~~~
1 error generated.
compiling stm32f3xx_hal_tim.c...
../Drivers/STM32F3xx_HAL_Driver/Src/stm32f3xx_hal_i2c_ex.c(66): error: 'stm32f3xx_hal.h' file not found
#include "stm32f3xx_hal.h"
         ^~~~~~~~~~~~~~~~~
1 error generated.
compiling stm32f3xx_hal_i2c_ex.c...
../Drivers/STM32F3xx_HAL_Driver/Src/stm32f3xx_hal_tim_ex.c(100): error: 'stm32f3xx_hal.h' file not found
#include "stm32f3xx_hal.h"
         ^~~~~~~~~~~~~~~~~
1 error generated.
compiling stm32f3xx_hal_tim_ex.c...
../Drivers/STM32F3xx_HAL_Driver/Src/stm32f3xx_hal_flash_ex.c(59): error: 'stm32f3xx_hal.h' file not found
#include "stm32f3xx_hal.h"
         ^~~~~~~~~~~~~~~~~
1 error generated.
compiling stm32f3xx_hal_flash_ex.c...
../Drivers/STM32F3xx_HAL_Driver/Src/stm32f3xx_hal_flash.c(101): error: 'stm32f3xx_hal.h' file not found
#include "stm32f3xx_hal.h"
         ^~~~~~~~~~~~~~~~~
1 error generated.
compiling stm32f3xx_hal_flash.c...
../Drivers/STM32F3xx_HAL_Driver/Src/stm32f3xx_hal_dma.c(94): error: 'stm32f3xx_hal.h' file not found
#include "stm32f3xx_hal.h"
         ^~~~~~~~~~~~~~~~~
1 error generated.
compiling stm32f3xx_hal_dma.c...
../Drivers/STM32F3xx_HAL_Driver/Src/stm32f3xx_hal_pwr.c(43): error: 'stm32f3xx_hal.h' file not found
#include "stm32f3xx_hal.h"
         ^~~~~~~~~~~~~~~~~
1 error generated.
compiling stm32f3xx_hal_pwr.c...
../Drivers/STM32F3xx_HAL_Driver/Src/stm32f3xx_hal_rcc.c(79): error: 'stm32f3xx_hal.h' file not found
#include "stm32f3xx_hal.h"
         ^~~~~~~~~~~~~~~~~
1 error generated.
compiling stm32f3xx_hal_rcc.c...
../Src/stm32f3xx_hal_msp.c(40): error: 'stm32f3xx_hal.h' file not found
#include "stm32f3xx_hal.h"
         ^~~~~~~~~~~~~~~~~
1 error generated.
compiling stm32f3xx_hal_msp.c...
../Src/main.c(40): error: 'main.h' file not found
#include "main.h"
         ^~~~~~~~
1 error generated.
compiling main.c...
../Src/stm32f3xx_it.c(34): error: 'stm32f3xx_hal.h' file not found
#include "stm32f3xx_hal.h"
         ^~~~~~~~~~~~~~~~~
1 error generated.
compiling stm32f3xx_it.c...
".\LED_BLINK_1.axf" - 17 Error(s), 0 Warning(s).

<h2>Software Packages used:</h2>

Package Vendor: ARM
                http://www.keil.com/pack/ARM.CMSIS.5.9.0.pack
                ARM.CMSIS.5.9.0
                CMSIS (Common Microcontroller Software Interface Standard)
   * Component: CORE Version: 5.6.0

Package Vendor: Keil
                http://www.keil.com/pack/Keil.STM32F3xx_DFP.2.2.2.pack
                Keil.STM32F3xx_DFP.2.2.2
                STMicroelectronics STM32F3 Series Device Support and Examples

<h2>Collection of Component include folders:</h2>
  ./RTE/_LED_BLINK_1
  C:/Users/jmott/AppData/Local/Arm/Packs/ARM/CMSIS/5.9.0/CMSIS/Core/Include
  C:/Users/jmott/AppData/Local/Arm/Packs/Keil/STM32F3xx_DFP/2.2.2/Drivers/CMSIS/Device/ST/STM32F3xx/Include

<h2>Collection of Component Files used:</h2>

   * Component: ARM::CMSIS:CORE:5.6.0
Target not created.
Build Time Elapsed:  00:00:02
</pre>
</body>
</html>
